{
  "stats": {
    "suites": 1,
    "tests": 1,
    "passes": 0,
    "pending": 0,
    "failures": 1,
    "start": "2024-08-30T11:47:13.647Z",
    "end": "2024-08-30T11:47:13.985Z",
    "duration": 338,
    "testsRegistered": 1,
    "passPercent": 0,
    "pendingPercent": 0,
    "other": 0,
    "hasOther": false,
    "skipped": 0,
    "hasSkipped": false
  },
  "results": [
    {
      "uuid": "20c3a06f-c0bb-44a1-a943-a3607f017c00",
      "title": "",
      "fullFile": "tests/cypress/e2e/admin.test.js",
      "file": "tests/cypress/e2e/admin.test.js",
      "beforeHooks": [],
      "afterHooks": [],
      "tests": [],
      "suites": [
        {
          "uuid": "cc8934e1-b8f4-4ee4-b8c0-bd072cfdfd45",
          "title": "Admin can login and make sure plugin is activated",
          "fullFile": "",
          "file": "",
          "beforeHooks": [],
          "afterHooks": [],
          "tests": [
            {
              "title": "Can deactivate and activate plugin?",
              "fullTitle": "Admin can login and make sure plugin is activated Can deactivate and activate plugin?",
              "timedOut": null,
              "duration": 301,
              "state": "failed",
              "speed": null,
              "pass": false,
              "fail": true,
              "pending": false,
              "context": null,
              "code": "cy.deactivatePlugin('wp-newrelic');\ncy.activatePlugin('wp-newrelic');",
              "err": {
                "message": "CypressError: `cy.visit()` failed trying to load:\n\nhttp://localhost:80/wp-admin/\n\nThe response we received from your web server was:\n\n  > 404: Not Found\n\nThis was considered a failure because the status code was not `2xx`.\n\nIf you do not want status codes to cause failures pass the option: `failOnStatusCode: false`\n\nThis error occurred while creating the session. Because the session setup failed, we failed the test.\n\nBecause this error occurred during a `before all` hook we are skipping the remaining tests in the current suite: `Admin can login and make su...`",
                "estack": "CypressError: `cy.visit()` failed trying to load:\n\nhttp://localhost:80/wp-admin/\n\nThe response we received from your web server was:\n\n  > 404: Not Found\n\nThis was considered a failure because the status code was not `2xx`.\n\nIf you do not want status codes to cause failures pass the option: `failOnStatusCode: false`\n\nThis error occurred while creating the session. Because the session setup failed, we failed the test.\n\nBecause this error occurred during a `before all` hook we are skipping the remaining tests in the current suite: `Admin can login and make su...`\n    at <unknown> (http://localhost/__cypress/runner/cypress_runner.js:131939:76)\n    at visitFailedByErr (http://localhost/__cypress/runner/cypress_runner.js:131354:12)\n    at <unknown> (http://localhost/__cypress/runner/cypress_runner.js:131922:13)\n    at tryCatcher (http://localhost/__cypress/runner/cypress_runner.js:1807:23)\n    at Promise._settlePromiseFromHandler (http://localhost/__cypress/runner/cypress_runner.js:1519:31)\n    at Promise._settlePromise (http://localhost/__cypress/runner/cypress_runner.js:1576:18)\n    at Promise._settlePromise0 (http://localhost/__cypress/runner/cypress_runner.js:1621:10)\n    at Promise._settlePromises (http://localhost/__cypress/runner/cypress_runner.js:1697:18)\n    at _drainQueueStep (http://localhost/__cypress/runner/cypress_runner.js:2407:12)\n    at _drainQueue (http://localhost/__cypress/runner/cypress_runner.js:2400:9)\n    at Async._drainQueues (http://localhost/__cypress/runner/cypress_runner.js:2416:5)\n    at Async.drainQueues (http://localhost/__cypress/runner/cypress_runner.js:2286:14)\nFrom Your Spec Code:\n    at Object.eval [as setup] (webpack:///../../node_modules/@10up/cypress-wp-utils/lib/commands/login.js:24:0)",
                "diff": null
              },
              "uuid": "569b8810-91e3-4c02-b113-50c0c1935f7f",
              "parentUUID": "cc8934e1-b8f4-4ee4-b8c0-bd072cfdfd45",
              "isHook": false,
              "skipped": false
            }
          ],
          "suites": [],
          "passes": [],
          "failures": [
            "569b8810-91e3-4c02-b113-50c0c1935f7f"
          ],
          "pending": [],
          "skipped": [],
          "duration": 301,
          "root": false,
          "rootEmpty": false,
          "_timeout": 2000
        }
      ],
      "passes": [],
      "failures": [],
      "pending": [],
      "skipped": [],
      "duration": 0,
      "root": true,
      "rootEmpty": true,
      "_timeout": 2000
    }
  ],
  "meta": {
    "mocha": {
      "version": "7.0.1"
    },
    "mochawesome": {
      "options": {
        "quiet": false,
        "reportFilename": "mochawesome",
        "saveHtml": false,
        "saveJson": true,
        "consoleReporter": "spec",
        "useInlineDiffs": false,
        "code": true
      },
      "version": "7.1.3"
    },
    "marge": {
      "options": {
        "mochaFile": "mochawesome-[name]",
        "reportDir": "/Users/mehulgohil/Local Sites/opensource/app/public/wp-content/plugins/wp-newrelic/tests/cypress/reports",
        "overwrite": false,
        "html": false,
        "json": true
      },
      "version": "6.2.0"
    }
  }
}